# JRE version: OpenJDK Runtime Environment (11.0.12+7) (build 11.0.12+7-b1504.28-7817840)
# Java VM: OpenJDK 64-Bit Server VM (11.0.12+7-b1504.28-7817840, mixed mode, tiered, compressed oops, g1 gc, windows-amd64)
Heap:
 garbage-first heap   total 225280K, used 126567K [0x0000000080000000, 0x0000000100000000)
  region size 1024K, 14 young (14336K), 7 survivors (7168K)
 Metaspace       used 119526K, capacity 123232K, committed 123324K, reserved 1157120K
  class space    used 15159K, capacity 16515K, committed 16536K, reserved 1048576K
GC Heap History (20 events):
Event: 3799.811 GC heap before
{Heap before GC invocations=48 (full 0):
 garbage-first heap   total 225280K, used 179538K [0x0000000080000000, 0x0000000100000000)
  region size 1024K, 61 young (62464K), 9 survivors (9216K)
 Metaspace       used 112509K, capacity 115870K, committed 116156K, reserved 1150976K
  class space    used 14378K, capacity 15647K, committed 15768K, reserved 1048576K
}
Event: 3799.846 GC heap after
{Heap after GC invocations=49 (full 0):
 garbage-first heap   total 225280K, used 132407K [0x0000000080000000, 0x0000000100000000)
  region size 1024K, 5 young (5120K), 5 survivors (5120K)
 Metaspace       used 112509K, capacity 115870K, committed 116156K, reserved 1150976K
  class space    used 14378K, capacity 15647K, committed 15768K, reserved 1048576K
}
Event: 3799.983 GC heap before
{Heap before GC invocations=49 (full 0):
 garbage-first heap   total 225280K, used 138551K [0x0000000080000000, 0x0000000100000000)
  region size 1024K, 11 young (11264K), 5 survivors (5120K)
 Metaspace       used 112606K, capacity 115946K, committed 116156K, reserved 1150976K
  class space    used 14381K, capacity 15649K, committed 15768K, reserved 1048576K
}
Event: 3800.000 GC heap after
{Heap after GC invocations=50 (full 0):
 garbage-first heap   total 225280K, used 130847K [0x0000000080000000, 0x0000000100000000)
  region size 1024K, 1 young (1024K), 1 survivors (1024K)
 Metaspace       used 112606K, capacity 115946K, committed 116156K, reserved 1150976K
  class space    used 14381K, capacity 15649K, committed 15768K, reserved 1048576K
}
Event: 3801.000 GC heap before
{Heap before GC invocations=50 (full 0):
 garbage-first heap   total 225280K, used 182047K [0x0000000080000000, 0x0000000100000000)
  region size 1024K, 52 young (53248K), 1 survivors (1024K)
 Metaspace       used 114550K, capacity 118040K, committed 118204K, reserved 1150976K
  class space    used 14635K, capacity 15972K, committed 16024K, reserved 1048576K
}
Event: 3801.013 GC heap after
{Heap after GC invocations=51 (full 0):
 garbage-first heap   total 225280K, used 134049K [0x0000000080000000, 0x0000000100000000)
  region size 1024K, 5 young (5120K), 5 survivors (5120K)
 Metaspace       used 114550K, capacity 118040K, committed 118204K, reserved 1150976K
  class space    used 14635K, capacity 15972K, committed 16024K, reserved 1048576K
}
Event: 3802.615 GC heap before
{Heap before GC invocations=52 (full 0):
 garbage-first heap   total 225280K, used 184225K [0x0000000080000000, 0x0000000100000000)
  region size 1024K, 54 young (55296K), 5 survivors (5120K)
 Metaspace       used 115705K, capacity 119184K, committed 119612K, reserved 1153024K
  class space    used 14672K, capacity 15963K, committed 16152K, reserved 1048576K
}
Event: 3802.634 GC heap after
{Heap after GC invocations=53 (full 0):
 garbage-first heap   total 225280K, used 132592K [0x0000000080000000, 0x0000000100000000)
  region size 1024K, 2 young (2048K), 2 survivors (2048K)
 Metaspace       used 115705K, capacity 119184K, committed 119612K, reserved 1153024K
  class space    used 14672K, capacity 15963K, committed 16152K, reserved 1048576K
}
Event: 3802.920 GC heap before
{Heap before GC invocations=53 (full 0):
 garbage-first heap   total 225280K, used 140784K [0x0000000080000000, 0x0000000100000000)
  region size 1024K, 11 young (11264K), 2 survivors (2048K)
 Metaspace       used 116168K, capacity 119654K, committed 119868K, reserved 1153024K
  class space    used 14735K, capacity 16034K, committed 16152K, reserved 1048576K
}
Event: 3802.944 GC heap after
{Heap after GC invocations=54 (full 0):
 garbage-first heap   total 225280K, used 135014K [0x0000000080000000, 0x0000000100000000)
  region size 1024K, 2 young (2048K), 2 survivors (2048K)
 Metaspace       used 116168K, capacity 119654K, committed 119868K, reserved 1153024K
  class space    used 14735K, capacity 16034K, committed 16152K, reserved 1048576K
}
Event: 3804.181 GC heap before
{Heap before GC invocations=54 (full 0):
 garbage-first heap   total 225280K, used 157542K [0x0000000080000000, 0x0000000100000000)
  region size 1024K, 26 young (26624K), 2 survivors (2048K)
 Metaspace       used 116737K, capacity 120209K, committed 120508K, reserved 1153024K
  class space    used 14838K, capacity 16147K, committed 16280K, reserved 1048576K
}
Event: 3804.199 GC heap after
{Heap after GC invocations=55 (full 0):
 garbage-first heap   total 225280K, used 140544K [0x0000000080000000, 0x0000000100000000)
  region size 1024K, 7 young (7168K), 7 survivors (7168K)
 Metaspace       used 116737K, capacity 120209K, committed 120508K, reserved 1153024K
  class space    used 14838K, capacity 16147K, committed 16280K, reserved 1048576K
}
Event: 3806.507 GC heap before
{Heap before GC invocations=56 (full 0):
 garbage-first heap   total 225280K, used 206080K [0x0000000080000000, 0x0000000100000000)
  region size 1024K, 43 young (44032K), 7 survivors (7168K)
 Metaspace       used 118880K, capacity 122449K, committed 122812K, reserved 1155072K
  class space    used 15085K, capacity 16407K, committed 16536K, reserved 1048576K
}
Event: 3806.519 GC heap after
{Heap after GC invocations=57 (full 0):
 garbage-first heap   total 225280K, used 136036K [0x0000000080000000, 0x0000000100000000)
  region size 1024K, 4 young (4096K), 4 survivors (4096K)
 Metaspace       used 118880K, capacity 122449K, committed 122812K, reserved 1155072K
  class space    used 15085K, capacity 16407K, committed 16536K, reserved 1048576K
}
Event: 3806.769 GC heap before
{Heap before GC invocations=57 (full 0):
 garbage-first heap   total 225280K, used 155492K [0x0000000080000000, 0x0000000100000000)
  region size 1024K, 11 young (11264K), 4 survivors (4096K)
 Metaspace       used 119281K, capacity 122927K, committed 123068K, reserved 1157120K
  class space    used 15143K, capacity 16480K, committed 16536K, reserved 1048576K
}
Event: 3806.782 GC heap after
{Heap after GC invocations=58 (full 0):
 garbage-first heap   total 225280K, used 117412K [0x0000000080000000, 0x0000000100000000)
  region size 1024K, 1 young (1024K), 1 survivors (1024K)
 Metaspace       used 119281K, capacity 122927K, committed 123068K, reserved 1157120K
  class space    used 15143K, capacity 16480K, committed 16536K, reserved 1048576K
}
Event: 4108.029 GC heap before
{Heap before GC invocations=58 (full 0):
 garbage-first heap   total 225280K, used 126628K [0x0000000080000000, 0x0000000100000000)
  region size 1024K, 11 young (11264K), 1 survivors (1024K)
 Metaspace       used 119431K, capacity 123030K, committed 123068K, reserved 1157120K
  class space    used 15159K, capacity 16514K, committed 16536K, reserved 1048576K
}
Event: 4108.049 GC heap after
{Heap after GC invocations=59 (full 0):
 garbage-first heap   total 225280K, used 114264K [0x0000000080000000, 0x0000000100000000)
  region size 1024K, 1 young (1024K), 1 survivors (1024K)
 Metaspace       used 119431K, capacity 123030K, committed 123068K, reserved 1157120K
  class space    used 15159K, capacity 16514K, committed 16536K, reserved 1048576K
}
Event: 4108.764 GC heap before
{Heap before GC invocations=59 (full 0):
 garbage-first heap   total 225280K, used 169560K [0x0000000080000000, 0x0000000100000000)
  region size 1024K, 55 young (56320K), 1 survivors (1024K)
 Metaspace       used 119523K, capacity 123232K, committed 123324K, reserved 1157120K
  class space    used 15159K, capacity 16515K, committed 16536K, reserved 1048576K
}
Event: 4108.781 GC heap after
{Heap after GC invocations=60 (full 0):
 garbage-first heap   total 225280K, used 120423K [0x0000000080000000, 0x0000000100000000)
  region size 1024K, 7 young (7168K), 7 survivors (7168K)
 Metaspace       used 119523K, capacity 123232K, committed 123324K, reserved 1157120K
  class space    used 15159K, capacity 16515K, committed 16536K, reserved 1048576K
}

